Copyright 1986-2019 Xilinx, Inc. All Rights Reserved.
---------------------------------------------------------------------------------------------------------------------------------------
| Tool Version : Vivado v.2019.2 (win64) Build 2708876 Wed Nov  6 21:40:23 MST 2019
| Date         : Mon Mar 30 22:51:40 2020
| Host         : Laptop2n1 running 64-bit major release  (build 9200)
| Command      : report_drc -file Nexys4_StopWatch_drc_opted.rpt -pb Nexys4_StopWatch_drc_opted.pb -rpx Nexys4_StopWatch_drc_opted.rpx
| Design       : Nexys4_StopWatch
| Device       : xc7a100tcsg324-1
| Speed File   : -1
| Design State : Synthesized
---------------------------------------------------------------------------------------------------------------------------------------

Report DRC

Table of Contents
-----------------
1. REPORT SUMMARY
2. REPORT DETAILS

1. REPORT SUMMARY
-----------------
            Netlist: netlist
          Floorplan: design_1
      Design limits: <entire design considered>
           Ruledeck: default
             Max violations: <unlimited>
             Violations found: 3
+-------------+----------+-------------------------------------------------------------+------------+
| Rule        | Severity | Description                                                 | Violations |
+-------------+----------+-------------------------------------------------------------+------------+
| CFGBVS-1    | Warning  | Missing CFGBVS and CONFIG_VOLTAGE Design Properties         | 1          |
| PLHOLDVIO-2 | Warning  | Non-Optimal connections which could lead to hold violations | 2          |
+-------------+----------+-------------------------------------------------------------+------------+

2. REPORT DETAILS
-----------------
CFGBVS-1#1 Warning
Missing CFGBVS and CONFIG_VOLTAGE Design Properties  
Neither the CFGBVS nor CONFIG_VOLTAGE voltage property is set in the current_design.  Configuration bank voltage select (CFGBVS) must be set to VCCO or GND, and CONFIG_VOLTAGE must be set to the correct configuration voltage, in order to determine the I/O voltage support for the pins in bank 0.  It is suggested to specify these either using the 'Edit Device Properties' function in the GUI or directly in the XDC file using the following syntax:

 set_property CFGBVS value1 [current_design]
 #where value1 is either VCCO or GND

 set_property CONFIG_VOLTAGE value2 [current_design]
 #where value2 is the voltage provided to configuration bank 0

Refer to the device configuration user guide for more information.
Related violations: <none>

PLHOLDVIO-2#1 Warning
Non-Optimal connections which could lead to hold violations  
A LUT SevSeg_inst/nolabel_line46/digit0/q_reg[3]_i_2 is driving clock pin of 4 cells. This could lead to large hold time violations. Involved cells are:
SevSeg_inst/nolabel_line46/digit3/q_reg_reg[0], SevSeg_inst/nolabel_line46/digit3/q_reg_reg[1], SevSeg_inst/nolabel_line46/digit3/q_reg_reg[2], SevSeg_inst/nolabel_line46/digit3/q_reg_reg[3]
Related violations: <none>

PLHOLDVIO-2#2 Warning
Non-Optimal connections which could lead to hold violations  
A LUT SevSeg_inst/nolabel_line46/digit1/q_reg[3]_i_2__0 is driving clock pin of 5 cells. This could lead to large hold time violations. Involved cells are:
SevSeg_inst/nolabel_line46/digit2/q_reg_reg[0], SevSeg_inst/nolabel_line46/digit2/q_reg_reg[1], SevSeg_inst/nolabel_line46/digit2/q_reg_reg[2], SevSeg_inst/nolabel_line46/digit2/q_reg_reg[3], SevSeg_inst/nolabel_line46/digit2/tick_reg_reg
Related violations: <none>


